<?xml version="1.0" encoding="UTF-8"?>
<!-- Generated by org.testng.reporters.JUnitReportReporter -->
<testsuite hostname="DESKTOP-8S455D7" failures="0" tests="1" name="pac1.CreateUSer" time="18.896" errors="0" timestamp="17 May 2021 07:47:13 GMT" skipped="0">
  <testcase classname="pac1.CreateUSer" name="createUSerTest" time="18.896"/>
</testsuite> <!-- pac1.CreateUSer -->
