<?xml version="1.0" encoding="UTF-8"?>
<!-- Generated by org.testng.reporters.JUnitReportReporter -->
<testsuite hostname="DESKTOP-8S455D7" failures="0" tests="1" name="pac1.CreateUSerTest" time="0.017" errors="0" timestamp="18 May 2021 14:22:04 GMT" skipped="0">
  <testcase classname="pac1.CreateUSerTest" name="createUSerTest" time="0.017"/>
</testsuite> <!-- pac1.CreateUSerTest -->
